28-Apr-2025 22:47:13.111 INFO [main] org.apache.catalina.startup.VersionLoggerListener.log Server version:        Apache Tomcat/8.0.53
28-Apr-2025 22:47:13.115 INFO [main] org.apache.catalina.startup.VersionLoggerListener.log Server built:          Jun 29 2018 14:42:45 UTC
28-Apr-2025 22:47:13.115 INFO [main] org.apache.catalina.startup.VersionLoggerListener.log Server number:         8.0.53.0
28-Apr-2025 22:47:13.116 INFO [main] org.apache.catalina.startup.VersionLoggerListener.log OS Name:               Mac OS X
28-Apr-2025 22:47:13.116 INFO [main] org.apache.catalina.startup.VersionLoggerListener.log OS Version:            12.7.6
28-Apr-2025 22:47:13.116 INFO [main] org.apache.catalina.startup.VersionLoggerListener.log Architecture:          x86_64
28-Apr-2025 22:47:13.116 INFO [main] org.apache.catalina.startup.VersionLoggerListener.log Java Home:             /Library/Java/JavaVirtualMachines/jdk-17.0.4.1.jdk/Contents/Home
28-Apr-2025 22:47:13.116 INFO [main] org.apache.catalina.startup.VersionLoggerListener.log JVM Version:           17.0.4.1+1-LTS-2
28-Apr-2025 22:47:13.117 INFO [main] org.apache.catalina.startup.VersionLoggerListener.log JVM Vendor:            Oracle Corporation
28-Apr-2025 22:47:13.117 INFO [main] org.apache.catalina.startup.VersionLoggerListener.log CATALINA_BASE:         /Users/ajinkyaphanse/apache-tomcat-8.0.53
28-Apr-2025 22:47:13.117 INFO [main] org.apache.catalina.startup.VersionLoggerListener.log CATALINA_HOME:         /Users/ajinkyaphanse/apache-tomcat-8.0.53
28-Apr-2025 22:47:13.119 INFO [main] org.apache.catalina.startup.VersionLoggerListener.log Command line argument: --add-opens=java.base/java.lang=ALL-UNNAMED
28-Apr-2025 22:47:13.120 INFO [main] org.apache.catalina.startup.VersionLoggerListener.log Command line argument: --add-opens=java.base/java.io=ALL-UNNAMED
28-Apr-2025 22:47:13.120 INFO [main] org.apache.catalina.startup.VersionLoggerListener.log Command line argument: --add-opens=java.rmi/sun.rmi.transport=ALL-UNNAMED
28-Apr-2025 22:47:13.120 INFO [main] org.apache.catalina.startup.VersionLoggerListener.log Command line argument: -Djava.util.logging.config.file=/Users/ajinkyaphanse/apache-tomcat-8.0.53/conf/logging.properties
28-Apr-2025 22:47:13.120 INFO [main] org.apache.catalina.startup.VersionLoggerListener.log Command line argument: -Djava.util.logging.manager=org.apache.juli.ClassLoaderLogManager
28-Apr-2025 22:47:13.120 INFO [main] org.apache.catalina.startup.VersionLoggerListener.log Command line argument: -Djdk.tls.ephemeralDHKeySize=2048
28-Apr-2025 22:47:13.120 INFO [main] org.apache.catalina.startup.VersionLoggerListener.log Command line argument: -Djava.protocol.handler.pkgs=org.apache.catalina.webresources
28-Apr-2025 22:47:13.121 INFO [main] org.apache.catalina.startup.VersionLoggerListener.log Command line argument: -Dignore.endorsed.dirs=
28-Apr-2025 22:47:13.121 INFO [main] org.apache.catalina.startup.VersionLoggerListener.log Command line argument: -Dcatalina.base=/Users/ajinkyaphanse/apache-tomcat-8.0.53
28-Apr-2025 22:47:13.121 INFO [main] org.apache.catalina.startup.VersionLoggerListener.log Command line argument: -Dcatalina.home=/Users/ajinkyaphanse/apache-tomcat-8.0.53
28-Apr-2025 22:47:13.121 INFO [main] org.apache.catalina.startup.VersionLoggerListener.log Command line argument: -Djava.io.tmpdir=/Users/ajinkyaphanse/apache-tomcat-8.0.53/temp
28-Apr-2025 22:47:13.121 INFO [main] org.apache.catalina.core.AprLifecycleListener.lifecycleEvent The APR based Apache Tomcat Native library which allows optimal performance in production environments was not found on the java.library.path: /Users/ajinkyaphanse/Library/Java/Extensions:/Library/Java/Extensions:/Network/Library/Java/Extensions:/System/Library/Java/Extensions:/usr/lib/java:.
28-Apr-2025 22:47:13.175 INFO [main] org.apache.coyote.AbstractProtocol.init Initializing ProtocolHandler ["http-nio-8080"]
28-Apr-2025 22:47:13.202 SEVERE [main] org.apache.coyote.AbstractProtocol.init Failed to initialize end point associated with ProtocolHandler ["http-nio-8080"]
 java.net.BindException: Address already in use
	at java.base/sun.nio.ch.Net.bind0(Native Method)
	at java.base/sun.nio.ch.Net.bind(Net.java:555)
	at java.base/sun.nio.ch.ServerSocketChannelImpl.netBind(ServerSocketChannelImpl.java:337)
	at java.base/sun.nio.ch.ServerSocketChannelImpl.bind(ServerSocketChannelImpl.java:294)
	at java.base/sun.nio.ch.ServerSocketAdaptor.bind(ServerSocketAdaptor.java:89)
	at org.apache.tomcat.util.net.NioEndpoint.bind(NioEndpoint.java:350)
	at org.apache.tomcat.util.net.AbstractEndpoint.init(AbstractEndpoint.java:823)
	at org.apache.coyote.AbstractProtocol.init(AbstractProtocol.java:476)
	at org.apache.coyote.http11.AbstractHttp11JsseProtocol.init(AbstractHttp11JsseProtocol.java:120)
	at org.apache.catalina.connector.Connector.initInternal(Connector.java:960)
	at org.apache.catalina.util.LifecycleBase.init(LifecycleBase.java:102)
	at org.apache.catalina.core.StandardService.initInternal(StandardService.java:568)
	at org.apache.catalina.util.LifecycleBase.init(LifecycleBase.java:102)
	at org.apache.catalina.core.StandardServer.initInternal(StandardServer.java:871)
	at org.apache.catalina.util.LifecycleBase.init(LifecycleBase.java:102)
	at org.apache.catalina.startup.Catalina.load(Catalina.java:592)
	at org.apache.catalina.startup.Catalina.load(Catalina.java:615)
	at java.base/jdk.internal.reflect.NativeMethodAccessorImpl.invoke0(Native Method)
	at java.base/jdk.internal.reflect.NativeMethodAccessorImpl.invoke(NativeMethodAccessorImpl.java:77)
	at java.base/jdk.internal.reflect.DelegatingMethodAccessorImpl.invoke(DelegatingMethodAccessorImpl.java:43)
	at java.base/java.lang.reflect.Method.invoke(Method.java:568)
	at org.apache.catalina.startup.Bootstrap.load(Bootstrap.java:308)
	at org.apache.catalina.startup.Bootstrap.main(Bootstrap.java:482)

28-Apr-2025 22:47:13.203 SEVERE [main] org.apache.catalina.core.StandardService.initInternal Failed to initialize connector [Connector[HTTP/1.1-8080]]
 org.apache.catalina.LifecycleException: Failed to initialize component [Connector[HTTP/1.1-8080]]
	at org.apache.catalina.util.LifecycleBase.init(LifecycleBase.java:107)
	at org.apache.catalina.core.StandardService.initInternal(StandardService.java:568)
	at org.apache.catalina.util.LifecycleBase.init(LifecycleBase.java:102)
	at org.apache.catalina.core.StandardServer.initInternal(StandardServer.java:871)
	at org.apache.catalina.util.LifecycleBase.init(LifecycleBase.java:102)
	at org.apache.catalina.startup.Catalina.load(Catalina.java:592)
	at org.apache.catalina.startup.Catalina.load(Catalina.java:615)
	at java.base/jdk.internal.reflect.NativeMethodAccessorImpl.invoke0(Native Method)
	at java.base/jdk.internal.reflect.NativeMethodAccessorImpl.invoke(NativeMethodAccessorImpl.java:77)
	at java.base/jdk.internal.reflect.DelegatingMethodAccessorImpl.invoke(DelegatingMethodAccessorImpl.java:43)
	at java.base/java.lang.reflect.Method.invoke(Method.java:568)
	at org.apache.catalina.startup.Bootstrap.load(Bootstrap.java:308)
	at org.apache.catalina.startup.Bootstrap.main(Bootstrap.java:482)
Caused by: org.apache.catalina.LifecycleException: Protocol handler initialization failed
	at org.apache.catalina.connector.Connector.initInternal(Connector.java:962)
	at org.apache.catalina.util.LifecycleBase.init(LifecycleBase.java:102)
	... 12 more
Caused by: java.net.BindException: Address already in use
	at java.base/sun.nio.ch.Net.bind0(Native Method)
	at java.base/sun.nio.ch.Net.bind(Net.java:555)
	at java.base/sun.nio.ch.ServerSocketChannelImpl.netBind(ServerSocketChannelImpl.java:337)
	at java.base/sun.nio.ch.ServerSocketChannelImpl.bind(ServerSocketChannelImpl.java:294)
	at java.base/sun.nio.ch.ServerSocketAdaptor.bind(ServerSocketAdaptor.java:89)
	at org.apache.tomcat.util.net.NioEndpoint.bind(NioEndpoint.java:350)
	at org.apache.tomcat.util.net.AbstractEndpoint.init(AbstractEndpoint.java:823)
	at org.apache.coyote.AbstractProtocol.init(AbstractProtocol.java:476)
	at org.apache.coyote.http11.AbstractHttp11JsseProtocol.init(AbstractHttp11JsseProtocol.java:120)
	at org.apache.catalina.connector.Connector.initInternal(Connector.java:960)
	... 13 more

28-Apr-2025 22:47:13.205 INFO [main] org.apache.coyote.AbstractProtocol.init Initializing ProtocolHandler ["ajp-nio-8009"]
28-Apr-2025 22:47:13.209 SEVERE [main] org.apache.coyote.AbstractProtocol.init Failed to initialize end point associated with ProtocolHandler ["ajp-nio-8009"]
 java.lang.IllegalArgumentException: timeout < 0
	at java.base/sun.nio.ch.ServerSocketAdaptor.setSoTimeout(ServerSocketAdaptor.java:162)
	at org.apache.tomcat.util.net.NioEndpoint.bind(NioEndpoint.java:352)
	at org.apache.tomcat.util.net.AbstractEndpoint.init(AbstractEndpoint.java:823)
	at org.apache.coyote.AbstractProtocol.init(AbstractProtocol.java:476)
	at org.apache.catalina.connector.Connector.initInternal(Connector.java:960)
	at org.apache.catalina.util.LifecycleBase.init(LifecycleBase.java:102)
	at org.apache.catalina.core.StandardService.initInternal(StandardService.java:568)
	at org.apache.catalina.util.LifecycleBase.init(LifecycleBase.java:102)
	at org.apache.catalina.core.StandardServer.initInternal(StandardServer.java:871)
	at org.apache.catalina.util.LifecycleBase.init(LifecycleBase.java:102)
	at org.apache.catalina.startup.Catalina.load(Catalina.java:592)
	at org.apache.catalina.startup.Catalina.load(Catalina.java:615)
	at java.base/jdk.internal.reflect.NativeMethodAccessorImpl.invoke0(Native Method)
	at java.base/jdk.internal.reflect.NativeMethodAccessorImpl.invoke(NativeMethodAccessorImpl.java:77)
	at java.base/jdk.internal.reflect.DelegatingMethodAccessorImpl.invoke(DelegatingMethodAccessorImpl.java:43)
	at java.base/java.lang.reflect.Method.invoke(Method.java:568)
	at org.apache.catalina.startup.Bootstrap.load(Bootstrap.java:308)
	at org.apache.catalina.startup.Bootstrap.main(Bootstrap.java:482)

28-Apr-2025 22:47:13.210 SEVERE [main] org.apache.catalina.core.StandardService.initInternal Failed to initialize connector [Connector[AJP/1.3-8009]]
 org.apache.catalina.LifecycleException: Failed to initialize component [Connector[AJP/1.3-8009]]
	at org.apache.catalina.util.LifecycleBase.init(LifecycleBase.java:107)
	at org.apache.catalina.core.StandardService.initInternal(StandardService.java:568)
	at org.apache.catalina.util.LifecycleBase.init(LifecycleBase.java:102)
	at org.apache.catalina.core.StandardServer.initInternal(StandardServer.java:871)
	at org.apache.catalina.util.LifecycleBase.init(LifecycleBase.java:102)
	at org.apache.catalina.startup.Catalina.load(Catalina.java:592)
	at org.apache.catalina.startup.Catalina.load(Catalina.java:615)
	at java.base/jdk.internal.reflect.NativeMethodAccessorImpl.invoke0(Native Method)
	at java.base/jdk.internal.reflect.NativeMethodAccessorImpl.invoke(NativeMethodAccessorImpl.java:77)
	at java.base/jdk.internal.reflect.DelegatingMethodAccessorImpl.invoke(DelegatingMethodAccessorImpl.java:43)
	at java.base/java.lang.reflect.Method.invoke(Method.java:568)
	at org.apache.catalina.startup.Bootstrap.load(Bootstrap.java:308)
	at org.apache.catalina.startup.Bootstrap.main(Bootstrap.java:482)
Caused by: org.apache.catalina.LifecycleException: Protocol handler initialization failed
	at org.apache.catalina.connector.Connector.initInternal(Connector.java:962)
	at org.apache.catalina.util.LifecycleBase.init(LifecycleBase.java:102)
	... 12 more
Caused by: java.lang.IllegalArgumentException: timeout < 0
	at java.base/sun.nio.ch.ServerSocketAdaptor.setSoTimeout(ServerSocketAdaptor.java:162)
	at org.apache.tomcat.util.net.NioEndpoint.bind(NioEndpoint.java:352)
	at org.apache.tomcat.util.net.AbstractEndpoint.init(AbstractEndpoint.java:823)
	at org.apache.coyote.AbstractProtocol.init(AbstractProtocol.java:476)
	at org.apache.catalina.connector.Connector.initInternal(Connector.java:960)
	... 13 more

28-Apr-2025 22:47:13.210 INFO [main] org.apache.catalina.startup.Catalina.load Initialization processed in 616 ms
28-Apr-2025 22:47:13.262 INFO [main] org.apache.catalina.core.StandardService.startInternal Starting service Catalina
28-Apr-2025 22:47:13.262 INFO [main] org.apache.catalina.core.StandardEngine.startInternal Starting Servlet Engine: Apache Tomcat/8.0.53
28-Apr-2025 22:47:13.275 INFO [localhost-startStop-1] org.apache.catalina.startup.HostConfig.deployDirectory Deploying web application directory /Users/ajinkyaphanse/apache-tomcat-8.0.53/webapps/docs
28-Apr-2025 22:47:13.678 INFO [localhost-startStop-1] org.apache.catalina.startup.HostConfig.deployDirectory Deployment of web application directory /Users/ajinkyaphanse/apache-tomcat-8.0.53/webapps/docs has finished in 402 ms
28-Apr-2025 22:47:13.678 INFO [localhost-startStop-1] org.apache.catalina.startup.HostConfig.deployDirectory Deploying web application directory /Users/ajinkyaphanse/apache-tomcat-8.0.53/webapps/manager
28-Apr-2025 22:47:13.731 INFO [localhost-startStop-1] org.apache.catalina.startup.HostConfig.deployDirectory Deployment of web application directory /Users/ajinkyaphanse/apache-tomcat-8.0.53/webapps/manager has finished in 52 ms
28-Apr-2025 22:47:13.731 INFO [localhost-startStop-1] org.apache.catalina.startup.HostConfig.deployDirectory Deploying web application directory /Users/ajinkyaphanse/apache-tomcat-8.0.53/webapps/examples
28-Apr-2025 22:47:14.071 INFO [localhost-startStop-1] org.apache.catalina.startup.HostConfig.deployDirectory Deployment of web application directory /Users/ajinkyaphanse/apache-tomcat-8.0.53/webapps/examples has finished in 340 ms
28-Apr-2025 22:47:14.071 INFO [localhost-startStop-1] org.apache.catalina.startup.HostConfig.deployDirectory Deploying web application directory /Users/ajinkyaphanse/apache-tomcat-8.0.53/webapps/ROOT
28-Apr-2025 22:47:14.105 INFO [localhost-startStop-1] org.apache.catalina.startup.HostConfig.deployDirectory Deployment of web application directory /Users/ajinkyaphanse/apache-tomcat-8.0.53/webapps/ROOT has finished in 34 ms
28-Apr-2025 22:47:14.105 INFO [localhost-startStop-1] org.apache.catalina.startup.HostConfig.deployDirectory Deploying web application directory /Users/ajinkyaphanse/apache-tomcat-8.0.53/webapps/host-manager
28-Apr-2025 22:47:14.145 INFO [localhost-startStop-1] org.apache.catalina.startup.HostConfig.deployDirectory Deployment of web application directory /Users/ajinkyaphanse/apache-tomcat-8.0.53/webapps/host-manager has finished in 39 ms
28-Apr-2025 22:47:14.166 INFO [main] org.apache.catalina.startup.Catalina.start Server startup in 955 ms
28-Apr-2025 22:47:14.175 SEVERE [main] org.apache.catalina.core.StandardServer.await StandardServer.await: create[localhost:8005]: 
 java.net.BindException: Address already in use
	at java.base/sun.nio.ch.Net.bind0(Native Method)
	at java.base/sun.nio.ch.Net.bind(Net.java:555)
	at java.base/sun.nio.ch.Net.bind(Net.java:544)
	at java.base/sun.nio.ch.NioSocketImpl.bind(NioSocketImpl.java:643)
	at java.base/java.net.ServerSocket.bind(ServerSocket.java:388)
	at java.base/java.net.ServerSocket.<init>(ServerSocket.java:274)
	at org.apache.catalina.core.StandardServer.await(StandardServer.java:438)
	at org.apache.catalina.startup.Catalina.await(Catalina.java:729)
	at org.apache.catalina.startup.Catalina.start(Catalina.java:675)
	at java.base/jdk.internal.reflect.NativeMethodAccessorImpl.invoke0(Native Method)
	at java.base/jdk.internal.reflect.NativeMethodAccessorImpl.invoke(NativeMethodAccessorImpl.java:77)
	at java.base/jdk.internal.reflect.DelegatingMethodAccessorImpl.invoke(DelegatingMethodAccessorImpl.java:43)
	at java.base/java.lang.reflect.Method.invoke(Method.java:568)
	at org.apache.catalina.startup.Bootstrap.start(Bootstrap.java:349)
	at org.apache.catalina.startup.Bootstrap.main(Bootstrap.java:483)

28-Apr-2025 22:47:14.176 INFO [main] org.apache.coyote.AbstractProtocol.pause Pausing ProtocolHandler ["http-nio-8080"]
28-Apr-2025 22:47:14.177 INFO [main] org.apache.coyote.AbstractProtocol.pause Pausing ProtocolHandler ["ajp-nio-8009"]
28-Apr-2025 22:47:14.177 INFO [main] org.apache.catalina.core.StandardService.stopInternal Stopping service Catalina
28-Apr-2025 22:47:14.205 INFO [main] org.apache.coyote.AbstractProtocol.stop Stopping ProtocolHandler ["http-nio-8080"]
28-Apr-2025 22:47:14.205 INFO [main] org.apache.coyote.AbstractProtocol.destroy Destroying ProtocolHandler ["http-nio-8080"]
28-Apr-2025 22:47:14.206 INFO [main] org.apache.coyote.AbstractProtocol.stop Stopping ProtocolHandler ["ajp-nio-8009"]
28-Apr-2025 22:47:14.206 INFO [main] org.apache.coyote.AbstractProtocol.destroy Destroying ProtocolHandler ["ajp-nio-8009"]
28-Apr-2025 22:49:21.651 INFO [main] org.apache.catalina.startup.VersionLoggerListener.log Server version:        Apache Tomcat/8.0.53
28-Apr-2025 22:49:21.658 INFO [main] org.apache.catalina.startup.VersionLoggerListener.log Server built:          Jun 29 2018 14:42:45 UTC
28-Apr-2025 22:49:21.658 INFO [main] org.apache.catalina.startup.VersionLoggerListener.log Server number:         8.0.53.0
28-Apr-2025 22:49:21.659 INFO [main] org.apache.catalina.startup.VersionLoggerListener.log OS Name:               Mac OS X
28-Apr-2025 22:49:21.659 INFO [main] org.apache.catalina.startup.VersionLoggerListener.log OS Version:            12.7.6
28-Apr-2025 22:49:21.659 INFO [main] org.apache.catalina.startup.VersionLoggerListener.log Architecture:          x86_64
28-Apr-2025 22:49:21.659 INFO [main] org.apache.catalina.startup.VersionLoggerListener.log Java Home:             /Library/Java/JavaVirtualMachines/jdk-17.0.4.1.jdk/Contents/Home
28-Apr-2025 22:49:21.659 INFO [main] org.apache.catalina.startup.VersionLoggerListener.log JVM Version:           17.0.4.1+1-LTS-2
28-Apr-2025 22:49:21.660 INFO [main] org.apache.catalina.startup.VersionLoggerListener.log JVM Vendor:            Oracle Corporation
28-Apr-2025 22:49:21.661 INFO [main] org.apache.catalina.startup.VersionLoggerListener.log CATALINA_BASE:         /Users/ajinkyaphanse/apache-tomcat-8.0.53
28-Apr-2025 22:49:21.662 INFO [main] org.apache.catalina.startup.VersionLoggerListener.log CATALINA_HOME:         /Users/ajinkyaphanse/apache-tomcat-8.0.53
28-Apr-2025 22:49:21.666 INFO [main] org.apache.catalina.startup.VersionLoggerListener.log Command line argument: --add-opens=java.base/java.lang=ALL-UNNAMED
28-Apr-2025 22:49:21.666 INFO [main] org.apache.catalina.startup.VersionLoggerListener.log Command line argument: --add-opens=java.base/java.io=ALL-UNNAMED
28-Apr-2025 22:49:21.666 INFO [main] org.apache.catalina.startup.VersionLoggerListener.log Command line argument: --add-opens=java.rmi/sun.rmi.transport=ALL-UNNAMED
28-Apr-2025 22:49:21.666 INFO [main] org.apache.catalina.startup.VersionLoggerListener.log Command line argument: -Djava.util.logging.config.file=/Users/ajinkyaphanse/apache-tomcat-8.0.53/conf/logging.properties
28-Apr-2025 22:49:21.667 INFO [main] org.apache.catalina.startup.VersionLoggerListener.log Command line argument: -Djava.util.logging.manager=org.apache.juli.ClassLoaderLogManager
28-Apr-2025 22:49:21.667 INFO [main] org.apache.catalina.startup.VersionLoggerListener.log Command line argument: -Djdk.tls.ephemeralDHKeySize=2048
28-Apr-2025 22:49:21.667 INFO [main] org.apache.catalina.startup.VersionLoggerListener.log Command line argument: -Djava.protocol.handler.pkgs=org.apache.catalina.webresources
28-Apr-2025 22:49:21.667 INFO [main] org.apache.catalina.startup.VersionLoggerListener.log Command line argument: -Dignore.endorsed.dirs=
28-Apr-2025 22:49:21.667 INFO [main] org.apache.catalina.startup.VersionLoggerListener.log Command line argument: -Dcatalina.base=/Users/ajinkyaphanse/apache-tomcat-8.0.53
28-Apr-2025 22:49:21.667 INFO [main] org.apache.catalina.startup.VersionLoggerListener.log Command line argument: -Dcatalina.home=/Users/ajinkyaphanse/apache-tomcat-8.0.53
28-Apr-2025 22:49:21.668 INFO [main] org.apache.catalina.startup.VersionLoggerListener.log Command line argument: -Djava.io.tmpdir=/Users/ajinkyaphanse/apache-tomcat-8.0.53/temp
28-Apr-2025 22:49:21.670 INFO [main] org.apache.catalina.core.AprLifecycleListener.lifecycleEvent The APR based Apache Tomcat Native library which allows optimal performance in production environments was not found on the java.library.path: /Users/ajinkyaphanse/Library/Java/Extensions:/Library/Java/Extensions:/Network/Library/Java/Extensions:/System/Library/Java/Extensions:/usr/lib/java:.
28-Apr-2025 22:49:21.737 INFO [main] org.apache.coyote.AbstractProtocol.init Initializing ProtocolHandler ["http-nio-8081"]
28-Apr-2025 22:49:21.780 INFO [main] org.apache.tomcat.util.net.NioSelectorPool.getSharedSelector Using a shared selector for servlet write/read
28-Apr-2025 22:49:21.786 INFO [main] org.apache.coyote.AbstractProtocol.init Initializing ProtocolHandler ["ajp-nio-8009"]
28-Apr-2025 22:49:21.787 SEVERE [main] org.apache.coyote.AbstractProtocol.init Failed to initialize end point associated with ProtocolHandler ["ajp-nio-8009"]
 java.lang.IllegalArgumentException: timeout < 0
	at java.base/sun.nio.ch.ServerSocketAdaptor.setSoTimeout(ServerSocketAdaptor.java:162)
	at org.apache.tomcat.util.net.NioEndpoint.bind(NioEndpoint.java:352)
	at org.apache.tomcat.util.net.AbstractEndpoint.init(AbstractEndpoint.java:823)
	at org.apache.coyote.AbstractProtocol.init(AbstractProtocol.java:476)
	at org.apache.catalina.connector.Connector.initInternal(Connector.java:960)
	at org.apache.catalina.util.LifecycleBase.init(LifecycleBase.java:102)
	at org.apache.catalina.core.StandardService.initInternal(StandardService.java:568)
	at org.apache.catalina.util.LifecycleBase.init(LifecycleBase.java:102)
	at org.apache.catalina.core.StandardServer.initInternal(StandardServer.java:871)
	at org.apache.catalina.util.LifecycleBase.init(LifecycleBase.java:102)
	at org.apache.catalina.startup.Catalina.load(Catalina.java:592)
	at org.apache.catalina.startup.Catalina.load(Catalina.java:615)
	at java.base/jdk.internal.reflect.NativeMethodAccessorImpl.invoke0(Native Method)
	at java.base/jdk.internal.reflect.NativeMethodAccessorImpl.invoke(NativeMethodAccessorImpl.java:77)
	at java.base/jdk.internal.reflect.DelegatingMethodAccessorImpl.invoke(DelegatingMethodAccessorImpl.java:43)
	at java.base/java.lang.reflect.Method.invoke(Method.java:568)
	at org.apache.catalina.startup.Bootstrap.load(Bootstrap.java:308)
	at org.apache.catalina.startup.Bootstrap.main(Bootstrap.java:482)

28-Apr-2025 22:49:21.788 SEVERE [main] org.apache.catalina.core.StandardService.initInternal Failed to initialize connector [Connector[AJP/1.3-8009]]
 org.apache.catalina.LifecycleException: Failed to initialize component [Connector[AJP/1.3-8009]]
	at org.apache.catalina.util.LifecycleBase.init(LifecycleBase.java:107)
	at org.apache.catalina.core.StandardService.initInternal(StandardService.java:568)
	at org.apache.catalina.util.LifecycleBase.init(LifecycleBase.java:102)
	at org.apache.catalina.core.StandardServer.initInternal(StandardServer.java:871)
	at org.apache.catalina.util.LifecycleBase.init(LifecycleBase.java:102)
	at org.apache.catalina.startup.Catalina.load(Catalina.java:592)
	at org.apache.catalina.startup.Catalina.load(Catalina.java:615)
	at java.base/jdk.internal.reflect.NativeMethodAccessorImpl.invoke0(Native Method)
	at java.base/jdk.internal.reflect.NativeMethodAccessorImpl.invoke(NativeMethodAccessorImpl.java:77)
	at java.base/jdk.internal.reflect.DelegatingMethodAccessorImpl.invoke(DelegatingMethodAccessorImpl.java:43)
	at java.base/java.lang.reflect.Method.invoke(Method.java:568)
	at org.apache.catalina.startup.Bootstrap.load(Bootstrap.java:308)
	at org.apache.catalina.startup.Bootstrap.main(Bootstrap.java:482)
Caused by: org.apache.catalina.LifecycleException: Protocol handler initialization failed
	at org.apache.catalina.connector.Connector.initInternal(Connector.java:962)
	at org.apache.catalina.util.LifecycleBase.init(LifecycleBase.java:102)
	... 12 more
Caused by: java.lang.IllegalArgumentException: timeout < 0
	at java.base/sun.nio.ch.ServerSocketAdaptor.setSoTimeout(ServerSocketAdaptor.java:162)
	at org.apache.tomcat.util.net.NioEndpoint.bind(NioEndpoint.java:352)
	at org.apache.tomcat.util.net.AbstractEndpoint.init(AbstractEndpoint.java:823)
	at org.apache.coyote.AbstractProtocol.init(AbstractProtocol.java:476)
	at org.apache.catalina.connector.Connector.initInternal(Connector.java:960)
	... 13 more

28-Apr-2025 22:49:21.791 INFO [main] org.apache.catalina.startup.Catalina.load Initialization processed in 840 ms
28-Apr-2025 22:49:21.856 INFO [main] org.apache.catalina.core.StandardService.startInternal Starting service Catalina
28-Apr-2025 22:49:21.856 INFO [main] org.apache.catalina.core.StandardEngine.startInternal Starting Servlet Engine: Apache Tomcat/8.0.53
28-Apr-2025 22:49:21.867 INFO [localhost-startStop-1] org.apache.catalina.startup.HostConfig.deployDirectory Deploying web application directory /Users/ajinkyaphanse/apache-tomcat-8.0.53/webapps/docs
28-Apr-2025 22:49:22.336 INFO [localhost-startStop-1] org.apache.catalina.startup.HostConfig.deployDirectory Deployment of web application directory /Users/ajinkyaphanse/apache-tomcat-8.0.53/webapps/docs has finished in 468 ms
28-Apr-2025 22:49:22.336 INFO [localhost-startStop-1] org.apache.catalina.startup.HostConfig.deployDirectory Deploying web application directory /Users/ajinkyaphanse/apache-tomcat-8.0.53/webapps/manager
28-Apr-2025 22:49:22.377 INFO [localhost-startStop-1] org.apache.catalina.startup.HostConfig.deployDirectory Deployment of web application directory /Users/ajinkyaphanse/apache-tomcat-8.0.53/webapps/manager has finished in 40 ms
28-Apr-2025 22:49:22.377 INFO [localhost-startStop-1] org.apache.catalina.startup.HostConfig.deployDirectory Deploying web application directory /Users/ajinkyaphanse/apache-tomcat-8.0.53/webapps/examples
28-Apr-2025 22:49:22.750 INFO [localhost-startStop-1] org.apache.catalina.startup.HostConfig.deployDirectory Deployment of web application directory /Users/ajinkyaphanse/apache-tomcat-8.0.53/webapps/examples has finished in 373 ms
28-Apr-2025 22:49:22.751 INFO [localhost-startStop-1] org.apache.catalina.startup.HostConfig.deployDirectory Deploying web application directory /Users/ajinkyaphanse/apache-tomcat-8.0.53/webapps/ROOT
28-Apr-2025 22:49:22.778 INFO [localhost-startStop-1] org.apache.catalina.startup.HostConfig.deployDirectory Deployment of web application directory /Users/ajinkyaphanse/apache-tomcat-8.0.53/webapps/ROOT has finished in 27 ms
28-Apr-2025 22:49:22.778 INFO [localhost-startStop-1] org.apache.catalina.startup.HostConfig.deployDirectory Deploying web application directory /Users/ajinkyaphanse/apache-tomcat-8.0.53/webapps/host-manager
28-Apr-2025 22:49:22.824 INFO [localhost-startStop-1] org.apache.catalina.startup.HostConfig.deployDirectory Deployment of web application directory /Users/ajinkyaphanse/apache-tomcat-8.0.53/webapps/host-manager has finished in 46 ms
28-Apr-2025 22:49:22.828 INFO [main] org.apache.coyote.AbstractProtocol.start Starting ProtocolHandler ["http-nio-8081"]
28-Apr-2025 22:49:22.841 INFO [main] org.apache.catalina.startup.Catalina.start Server startup in 1049 ms
28-Apr-2025 22:55:03.981 INFO [main] org.apache.catalina.startup.VersionLoggerListener.log Server version:        Apache Tomcat/8.0.53
28-Apr-2025 22:55:03.987 INFO [main] org.apache.catalina.startup.VersionLoggerListener.log Server built:          Jun 29 2018 14:42:45 UTC
28-Apr-2025 22:55:03.987 INFO [main] org.apache.catalina.startup.VersionLoggerListener.log Server number:         8.0.53.0
28-Apr-2025 22:55:03.987 INFO [main] org.apache.catalina.startup.VersionLoggerListener.log OS Name:               Mac OS X
28-Apr-2025 22:55:03.988 INFO [main] org.apache.catalina.startup.VersionLoggerListener.log OS Version:            12.7.6
28-Apr-2025 22:55:03.988 INFO [main] org.apache.catalina.startup.VersionLoggerListener.log Architecture:          x86_64
28-Apr-2025 22:55:03.988 INFO [main] org.apache.catalina.startup.VersionLoggerListener.log Java Home:             /Library/Java/JavaVirtualMachines/jdk-17.0.4.1.jdk/Contents/Home
28-Apr-2025 22:55:03.988 INFO [main] org.apache.catalina.startup.VersionLoggerListener.log JVM Version:           17.0.4.1+1-LTS-2
28-Apr-2025 22:55:03.989 INFO [main] org.apache.catalina.startup.VersionLoggerListener.log JVM Vendor:            Oracle Corporation
28-Apr-2025 22:55:03.989 INFO [main] org.apache.catalina.startup.VersionLoggerListener.log CATALINA_BASE:         /Users/ajinkyaphanse/apache-tomcat-8.0.53
28-Apr-2025 22:55:03.989 INFO [main] org.apache.catalina.startup.VersionLoggerListener.log CATALINA_HOME:         /Users/ajinkyaphanse/apache-tomcat-8.0.53
28-Apr-2025 22:55:03.990 INFO [main] org.apache.catalina.startup.VersionLoggerListener.log Command line argument: --add-opens=java.base/java.lang=ALL-UNNAMED
28-Apr-2025 22:55:03.991 INFO [main] org.apache.catalina.startup.VersionLoggerListener.log Command line argument: --add-opens=java.base/java.io=ALL-UNNAMED
28-Apr-2025 22:55:03.992 INFO [main] org.apache.catalina.startup.VersionLoggerListener.log Command line argument: --add-opens=java.rmi/sun.rmi.transport=ALL-UNNAMED
28-Apr-2025 22:55:03.992 INFO [main] org.apache.catalina.startup.VersionLoggerListener.log Command line argument: -Djava.util.logging.config.file=/Users/ajinkyaphanse/apache-tomcat-8.0.53/conf/logging.properties
28-Apr-2025 22:55:03.993 INFO [main] org.apache.catalina.startup.VersionLoggerListener.log Command line argument: -Djava.util.logging.manager=org.apache.juli.ClassLoaderLogManager
28-Apr-2025 22:55:03.993 INFO [main] org.apache.catalina.startup.VersionLoggerListener.log Command line argument: -Djdk.tls.ephemeralDHKeySize=2048
28-Apr-2025 22:55:03.993 INFO [main] org.apache.catalina.startup.VersionLoggerListener.log Command line argument: -Djava.protocol.handler.pkgs=org.apache.catalina.webresources
28-Apr-2025 22:55:03.993 INFO [main] org.apache.catalina.startup.VersionLoggerListener.log Command line argument: -Dignore.endorsed.dirs=
28-Apr-2025 22:55:03.993 INFO [main] org.apache.catalina.startup.VersionLoggerListener.log Command line argument: -Dcatalina.base=/Users/ajinkyaphanse/apache-tomcat-8.0.53
28-Apr-2025 22:55:03.993 INFO [main] org.apache.catalina.startup.VersionLoggerListener.log Command line argument: -Dcatalina.home=/Users/ajinkyaphanse/apache-tomcat-8.0.53
28-Apr-2025 22:55:03.994 INFO [main] org.apache.catalina.startup.VersionLoggerListener.log Command line argument: -Djava.io.tmpdir=/Users/ajinkyaphanse/apache-tomcat-8.0.53/temp
28-Apr-2025 22:55:03.994 INFO [main] org.apache.catalina.core.AprLifecycleListener.lifecycleEvent The APR based Apache Tomcat Native library which allows optimal performance in production environments was not found on the java.library.path: /Users/ajinkyaphanse/Library/Java/Extensions:/Library/Java/Extensions:/Network/Library/Java/Extensions:/System/Library/Java/Extensions:/usr/lib/java:.
28-Apr-2025 22:55:04.069 INFO [main] org.apache.coyote.AbstractProtocol.init Initializing ProtocolHandler ["http-nio-8081"]
28-Apr-2025 22:55:04.101 SEVERE [main] org.apache.coyote.AbstractProtocol.init Failed to initialize end point associated with ProtocolHandler ["http-nio-8081"]
 java.net.BindException: Address already in use
	at java.base/sun.nio.ch.Net.bind0(Native Method)
	at java.base/sun.nio.ch.Net.bind(Net.java:555)
	at java.base/sun.nio.ch.ServerSocketChannelImpl.netBind(ServerSocketChannelImpl.java:337)
	at java.base/sun.nio.ch.ServerSocketChannelImpl.bind(ServerSocketChannelImpl.java:294)
	at java.base/sun.nio.ch.ServerSocketAdaptor.bind(ServerSocketAdaptor.java:89)
	at org.apache.tomcat.util.net.NioEndpoint.bind(NioEndpoint.java:350)
	at org.apache.tomcat.util.net.AbstractEndpoint.init(AbstractEndpoint.java:823)
	at org.apache.coyote.AbstractProtocol.init(AbstractProtocol.java:476)
	at org.apache.coyote.http11.AbstractHttp11JsseProtocol.init(AbstractHttp11JsseProtocol.java:120)
	at org.apache.catalina.connector.Connector.initInternal(Connector.java:960)
	at org.apache.catalina.util.LifecycleBase.init(LifecycleBase.java:102)
	at org.apache.catalina.core.StandardService.initInternal(StandardService.java:568)
	at org.apache.catalina.util.LifecycleBase.init(LifecycleBase.java:102)
	at org.apache.catalina.core.StandardServer.initInternal(StandardServer.java:871)
	at org.apache.catalina.util.LifecycleBase.init(LifecycleBase.java:102)
	at org.apache.catalina.startup.Catalina.load(Catalina.java:592)
	at org.apache.catalina.startup.Catalina.load(Catalina.java:615)
	at java.base/jdk.internal.reflect.NativeMethodAccessorImpl.invoke0(Native Method)
	at java.base/jdk.internal.reflect.NativeMethodAccessorImpl.invoke(NativeMethodAccessorImpl.java:77)
	at java.base/jdk.internal.reflect.DelegatingMethodAccessorImpl.invoke(DelegatingMethodAccessorImpl.java:43)
	at java.base/java.lang.reflect.Method.invoke(Method.java:568)
	at org.apache.catalina.startup.Bootstrap.load(Bootstrap.java:308)
	at org.apache.catalina.startup.Bootstrap.main(Bootstrap.java:482)

28-Apr-2025 22:55:04.102 SEVERE [main] org.apache.catalina.core.StandardService.initInternal Failed to initialize connector [Connector[HTTP/1.1-8081]]
 org.apache.catalina.LifecycleException: Failed to initialize component [Connector[HTTP/1.1-8081]]
	at org.apache.catalina.util.LifecycleBase.init(LifecycleBase.java:107)
	at org.apache.catalina.core.StandardService.initInternal(StandardService.java:568)
	at org.apache.catalina.util.LifecycleBase.init(LifecycleBase.java:102)
	at org.apache.catalina.core.StandardServer.initInternal(StandardServer.java:871)
	at org.apache.catalina.util.LifecycleBase.init(LifecycleBase.java:102)
	at org.apache.catalina.startup.Catalina.load(Catalina.java:592)
	at org.apache.catalina.startup.Catalina.load(Catalina.java:615)
	at java.base/jdk.internal.reflect.NativeMethodAccessorImpl.invoke0(Native Method)
	at java.base/jdk.internal.reflect.NativeMethodAccessorImpl.invoke(NativeMethodAccessorImpl.java:77)
	at java.base/jdk.internal.reflect.DelegatingMethodAccessorImpl.invoke(DelegatingMethodAccessorImpl.java:43)
	at java.base/java.lang.reflect.Method.invoke(Method.java:568)
	at org.apache.catalina.startup.Bootstrap.load(Bootstrap.java:308)
	at org.apache.catalina.startup.Bootstrap.main(Bootstrap.java:482)
Caused by: org.apache.catalina.LifecycleException: Protocol handler initialization failed
	at org.apache.catalina.connector.Connector.initInternal(Connector.java:962)
	at org.apache.catalina.util.LifecycleBase.init(LifecycleBase.java:102)
	... 12 more
Caused by: java.net.BindException: Address already in use
	at java.base/sun.nio.ch.Net.bind0(Native Method)
	at java.base/sun.nio.ch.Net.bind(Net.java:555)
	at java.base/sun.nio.ch.ServerSocketChannelImpl.netBind(ServerSocketChannelImpl.java:337)
	at java.base/sun.nio.ch.ServerSocketChannelImpl.bind(ServerSocketChannelImpl.java:294)
	at java.base/sun.nio.ch.ServerSocketAdaptor.bind(ServerSocketAdaptor.java:89)
	at org.apache.tomcat.util.net.NioEndpoint.bind(NioEndpoint.java:350)
	at org.apache.tomcat.util.net.AbstractEndpoint.init(AbstractEndpoint.java:823)
	at org.apache.coyote.AbstractProtocol.init(AbstractProtocol.java:476)
	at org.apache.coyote.http11.AbstractHttp11JsseProtocol.init(AbstractHttp11JsseProtocol.java:120)
	at org.apache.catalina.connector.Connector.initInternal(Connector.java:960)
	... 13 more

28-Apr-2025 22:55:04.103 INFO [main] org.apache.coyote.AbstractProtocol.init Initializing ProtocolHandler ["ajp-nio-8009"]
28-Apr-2025 22:55:04.106 SEVERE [main] org.apache.coyote.AbstractProtocol.init Failed to initialize end point associated with ProtocolHandler ["ajp-nio-8009"]
 java.net.BindException: Address already in use
	at java.base/sun.nio.ch.Net.bind0(Native Method)
	at java.base/sun.nio.ch.Net.bind(Net.java:555)
	at java.base/sun.nio.ch.ServerSocketChannelImpl.netBind(ServerSocketChannelImpl.java:337)
	at java.base/sun.nio.ch.ServerSocketChannelImpl.bind(ServerSocketChannelImpl.java:294)
	at java.base/sun.nio.ch.ServerSocketAdaptor.bind(ServerSocketAdaptor.java:89)
	at org.apache.tomcat.util.net.NioEndpoint.bind(NioEndpoint.java:350)
	at org.apache.tomcat.util.net.AbstractEndpoint.init(AbstractEndpoint.java:823)
	at org.apache.coyote.AbstractProtocol.init(AbstractProtocol.java:476)
	at org.apache.catalina.connector.Connector.initInternal(Connector.java:960)
	at org.apache.catalina.util.LifecycleBase.init(LifecycleBase.java:102)
	at org.apache.catalina.core.StandardService.initInternal(StandardService.java:568)
	at org.apache.catalina.util.LifecycleBase.init(LifecycleBase.java:102)
	at org.apache.catalina.core.StandardServer.initInternal(StandardServer.java:871)
	at org.apache.catalina.util.LifecycleBase.init(LifecycleBase.java:102)
	at org.apache.catalina.startup.Catalina.load(Catalina.java:592)
	at org.apache.catalina.startup.Catalina.load(Catalina.java:615)
	at java.base/jdk.internal.reflect.NativeMethodAccessorImpl.invoke0(Native Method)
	at java.base/jdk.internal.reflect.NativeMethodAccessorImpl.invoke(NativeMethodAccessorImpl.java:77)
	at java.base/jdk.internal.reflect.DelegatingMethodAccessorImpl.invoke(DelegatingMethodAccessorImpl.java:43)
	at java.base/java.lang.reflect.Method.invoke(Method.java:568)
	at org.apache.catalina.startup.Bootstrap.load(Bootstrap.java:308)
	at org.apache.catalina.startup.Bootstrap.main(Bootstrap.java:482)

28-Apr-2025 22:55:04.107 SEVERE [main] org.apache.catalina.core.StandardService.initInternal Failed to initialize connector [Connector[AJP/1.3-8009]]
 org.apache.catalina.LifecycleException: Failed to initialize component [Connector[AJP/1.3-8009]]
	at org.apache.catalina.util.LifecycleBase.init(LifecycleBase.java:107)
	at org.apache.catalina.core.StandardService.initInternal(StandardService.java:568)
	at org.apache.catalina.util.LifecycleBase.init(LifecycleBase.java:102)
	at org.apache.catalina.core.StandardServer.initInternal(StandardServer.java:871)
	at org.apache.catalina.util.LifecycleBase.init(LifecycleBase.java:102)
	at org.apache.catalina.startup.Catalina.load(Catalina.java:592)
	at org.apache.catalina.startup.Catalina.load(Catalina.java:615)
	at java.base/jdk.internal.reflect.NativeMethodAccessorImpl.invoke0(Native Method)
	at java.base/jdk.internal.reflect.NativeMethodAccessorImpl.invoke(NativeMethodAccessorImpl.java:77)
	at java.base/jdk.internal.reflect.DelegatingMethodAccessorImpl.invoke(DelegatingMethodAccessorImpl.java:43)
	at java.base/java.lang.reflect.Method.invoke(Method.java:568)
	at org.apache.catalina.startup.Bootstrap.load(Bootstrap.java:308)
	at org.apache.catalina.startup.Bootstrap.main(Bootstrap.java:482)
Caused by: org.apache.catalina.LifecycleException: Protocol handler initialization failed
	at org.apache.catalina.connector.Connector.initInternal(Connector.java:962)
	at org.apache.catalina.util.LifecycleBase.init(LifecycleBase.java:102)
	... 12 more
Caused by: java.net.BindException: Address already in use
	at java.base/sun.nio.ch.Net.bind0(Native Method)
	at java.base/sun.nio.ch.Net.bind(Net.java:555)
	at java.base/sun.nio.ch.ServerSocketChannelImpl.netBind(ServerSocketChannelImpl.java:337)
	at java.base/sun.nio.ch.ServerSocketChannelImpl.bind(ServerSocketChannelImpl.java:294)
	at java.base/sun.nio.ch.ServerSocketAdaptor.bind(ServerSocketAdaptor.java:89)
	at org.apache.tomcat.util.net.NioEndpoint.bind(NioEndpoint.java:350)
	at org.apache.tomcat.util.net.AbstractEndpoint.init(AbstractEndpoint.java:823)
	at org.apache.coyote.AbstractProtocol.init(AbstractProtocol.java:476)
	at org.apache.catalina.connector.Connector.initInternal(Connector.java:960)
	... 13 more

28-Apr-2025 22:55:04.107 INFO [main] org.apache.catalina.startup.Catalina.load Initialization processed in 726 ms
28-Apr-2025 22:55:04.168 INFO [main] org.apache.catalina.core.StandardService.startInternal Starting service Catalina
28-Apr-2025 22:55:04.168 INFO [main] org.apache.catalina.core.StandardEngine.startInternal Starting Servlet Engine: Apache Tomcat/8.0.53
28-Apr-2025 22:55:04.181 INFO [localhost-startStop-1] org.apache.catalina.startup.HostConfig.deployDirectory Deploying web application directory /Users/ajinkyaphanse/apache-tomcat-8.0.53/webapps/docs
28-Apr-2025 22:55:04.710 INFO [localhost-startStop-1] org.apache.catalina.startup.HostConfig.deployDirectory Deployment of web application directory /Users/ajinkyaphanse/apache-tomcat-8.0.53/webapps/docs has finished in 529 ms
28-Apr-2025 22:55:04.711 INFO [localhost-startStop-1] org.apache.catalina.startup.HostConfig.deployDirectory Deploying web application directory /Users/ajinkyaphanse/apache-tomcat-8.0.53/webapps/manager
28-Apr-2025 22:55:04.766 INFO [localhost-startStop-1] org.apache.catalina.startup.HostConfig.deployDirectory Deployment of web application directory /Users/ajinkyaphanse/apache-tomcat-8.0.53/webapps/manager has finished in 55 ms
28-Apr-2025 22:55:04.766 INFO [localhost-startStop-1] org.apache.catalina.startup.HostConfig.deployDirectory Deploying web application directory /Users/ajinkyaphanse/apache-tomcat-8.0.53/webapps/examples
28-Apr-2025 22:55:05.250 INFO [localhost-startStop-1] org.apache.catalina.startup.HostConfig.deployDirectory Deployment of web application directory /Users/ajinkyaphanse/apache-tomcat-8.0.53/webapps/examples has finished in 483 ms
28-Apr-2025 22:55:05.250 INFO [localhost-startStop-1] org.apache.catalina.startup.HostConfig.deployDirectory Deploying web application directory /Users/ajinkyaphanse/apache-tomcat-8.0.53/webapps/ROOT
28-Apr-2025 22:55:05.290 INFO [localhost-startStop-1] org.apache.catalina.startup.HostConfig.deployDirectory Deployment of web application directory /Users/ajinkyaphanse/apache-tomcat-8.0.53/webapps/ROOT has finished in 40 ms
28-Apr-2025 22:55:05.290 INFO [localhost-startStop-1] org.apache.catalina.startup.HostConfig.deployDirectory Deploying web application directory /Users/ajinkyaphanse/apache-tomcat-8.0.53/webapps/host-manager
28-Apr-2025 22:55:05.340 INFO [localhost-startStop-1] org.apache.catalina.startup.HostConfig.deployDirectory Deployment of web application directory /Users/ajinkyaphanse/apache-tomcat-8.0.53/webapps/host-manager has finished in 50 ms
28-Apr-2025 22:55:05.355 INFO [main] org.apache.catalina.startup.Catalina.start Server startup in 1247 ms
28-Apr-2025 22:55:05.365 SEVERE [main] org.apache.catalina.core.StandardServer.await StandardServer.await: create[localhost:8005]: 
 java.net.BindException: Address already in use
	at java.base/sun.nio.ch.Net.bind0(Native Method)
	at java.base/sun.nio.ch.Net.bind(Net.java:555)
	at java.base/sun.nio.ch.Net.bind(Net.java:544)
	at java.base/sun.nio.ch.NioSocketImpl.bind(NioSocketImpl.java:643)
	at java.base/java.net.ServerSocket.bind(ServerSocket.java:388)
	at java.base/java.net.ServerSocket.<init>(ServerSocket.java:274)
	at org.apache.catalina.core.StandardServer.await(StandardServer.java:438)
	at org.apache.catalina.startup.Catalina.await(Catalina.java:729)
	at org.apache.catalina.startup.Catalina.start(Catalina.java:675)
	at java.base/jdk.internal.reflect.NativeMethodAccessorImpl.invoke0(Native Method)
	at java.base/jdk.internal.reflect.NativeMethodAccessorImpl.invoke(NativeMethodAccessorImpl.java:77)
	at java.base/jdk.internal.reflect.DelegatingMethodAccessorImpl.invoke(DelegatingMethodAccessorImpl.java:43)
	at java.base/java.lang.reflect.Method.invoke(Method.java:568)
	at org.apache.catalina.startup.Bootstrap.start(Bootstrap.java:349)
	at org.apache.catalina.startup.Bootstrap.main(Bootstrap.java:483)

28-Apr-2025 22:55:05.365 INFO [main] org.apache.coyote.AbstractProtocol.pause Pausing ProtocolHandler ["http-nio-8081"]
28-Apr-2025 22:55:05.366 INFO [main] org.apache.coyote.AbstractProtocol.pause Pausing ProtocolHandler ["ajp-nio-8009"]
28-Apr-2025 22:55:05.366 INFO [main] org.apache.catalina.core.StandardService.stopInternal Stopping service Catalina
28-Apr-2025 22:55:05.405 INFO [main] org.apache.coyote.AbstractProtocol.stop Stopping ProtocolHandler ["http-nio-8081"]
28-Apr-2025 22:55:05.406 INFO [main] org.apache.coyote.AbstractProtocol.destroy Destroying ProtocolHandler ["http-nio-8081"]
28-Apr-2025 22:55:05.406 INFO [main] org.apache.coyote.AbstractProtocol.stop Stopping ProtocolHandler ["ajp-nio-8009"]
28-Apr-2025 22:55:05.406 INFO [main] org.apache.coyote.AbstractProtocol.destroy Destroying ProtocolHandler ["ajp-nio-8009"]
28-Apr-2025 23:12:43.608 INFO [Thread-3] org.apache.coyote.AbstractProtocol.pause Pausing ProtocolHandler ["http-nio-8081"]
28-Apr-2025 23:12:43.685 INFO [Thread-3] org.apache.coyote.AbstractProtocol.pause Pausing ProtocolHandler ["ajp-nio-8009"]
28-Apr-2025 23:12:43.685 INFO [Thread-3] org.apache.catalina.core.StandardService.stopInternal Stopping service Catalina
28-Apr-2025 23:12:43.729 INFO [Thread-3] org.apache.coyote.AbstractProtocol.stop Stopping ProtocolHandler ["http-nio-8081"]
28-Apr-2025 23:12:43.735 INFO [Thread-3] org.apache.coyote.AbstractProtocol.destroy Destroying ProtocolHandler ["http-nio-8081"]
28-Apr-2025 23:12:43.736 INFO [Thread-3] org.apache.coyote.AbstractProtocol.stop Stopping ProtocolHandler ["ajp-nio-8009"]
28-Apr-2025 23:12:43.737 INFO [Thread-3] org.apache.coyote.AbstractProtocol.destroy Destroying ProtocolHandler ["ajp-nio-8009"]
